<?xml version="1.0" encoding="UTF-8"?>
<!-- Generated by org.testng.reporters.JUnitReportReporter -->
<testsuite hostname="ASUSAMD1504" failures="0" tests="10" name="HomePage.TestCases" time="32.311" errors="0" timestamp="2024-10-27T22:26:57 GMT+03:00" skipped="0">
  <testcase classname="HomePage.TestCases" name="checkDefaultLanguageIsEnglish" time="0.025"/>
  <system-out/>
  <testcase classname="HomePage.TestCases" name="CheckDefaultCurrency" time="0.020"/>
  <system-out/>
  <testcase classname="HomePage.TestCases" name="CheckContactNumber" time="0.019"/>
  <system-out/>
  <testcase classname="HomePage.TestCases" name="CheckQitafLogo" time="0.027"/>
  <system-out/>
  <testcase classname="HomePage.TestCases" name="CheckSaysTabIsnotSelected" time="0.016"/>
  <system-out/>
  <testcase classname="HomePage.TestCases" name="CheckDepartureDate" time="0.025"/>
  <system-out/>
  <testcase classname="HomePage.TestCases" name="RandomlyChangeTheLanguage" time="0.570"/>
  <system-out/>
  <testcase classname="HomePage.TestCases" name="FillStayTab" time="0.644"/>
  <system-out/>
  <testcase classname="HomePage.TestCases" name="RandomlySelectNumbersOfVisitors" time="1.838"/>
  <system-out/>
  <testcase classname="HomePage.TestCases" name="CheckLoadingBarFullyCompleted" time="29.127"/>
  <system-out/>
</testsuite> <!-- HomePage.TestCases -->
